<?xml version="1.0" encoding="UTF-8"?>
<!-- Generated by org.testng.reporters.JUnitXMLReporter -->
<testsuite ignored="0" hostname="DESKTOP-2AP8SCM" failures="0" tests="3" name="Test" time="6.703" errors="0" timestamp="2024-12-16T15:51:30 IST">
  <testcase classname="jenkins.LoginTest" name="doLoginWithInvalidUserName" time="0.296"/>
  <testcase classname="jenkins.LoginTest" name="doLoginWithInvalidPassword" time="0.841"/>
  <testcase classname="jenkins.LoginTest" name="doLoginWithValid" time="5.477"/>
</testsuite> <!-- Test -->
