<?xml version="1.0" encoding="UTF-8"?>
<testng-results ignored="0" total="3" passed="3" failed="0" skipped="0">
  <reporter-output>
  </reporter-output>
  <suite started-at="2024-12-16T15:51:24 IST" name="Suite" finished-at="2024-12-16T15:51:30 IST" duration-ms="6703">
    <groups>
    </groups>
    <test started-at="2024-12-16T15:51:24 IST" name="Test" finished-at="2024-12-16T15:51:30 IST" duration-ms="6703">
      <class name="jenkins.LoginTest">
        <test-method is-config="true" signature="openURL()[pri:0, instance:jenkins.LoginTest@7bba5817]" started-at="2024-12-16T15:51:07 IST" name="openURL" finished-at="2024-12-16T15:51:24 IST" duration-ms="16784" status="PASS">
          <reporter-output>
          </reporter-output>
        </test-method> <!-- openURL -->
        <test-method signature="doLoginWithInvalidUserName()[pri:1, instance:jenkins.LoginTest@7bba5817]" started-at="2024-12-16T15:51:24 IST" name="doLoginWithInvalidUserName" description="Login with invalid email and valid password" finished-at="2024-12-16T15:51:24 IST" duration-ms="296" status="PASS">
          <reporter-output>
          </reporter-output>
        </test-method> <!-- doLoginWithInvalidUserName -->
        <test-method signature="doLoginWithInvalidPassword()[pri:2, instance:jenkins.LoginTest@7bba5817]" started-at="2024-12-16T15:51:24 IST" name="doLoginWithInvalidPassword" description="Login with invalid email and valid password" finished-at="2024-12-16T15:51:25 IST" duration-ms="841" status="PASS">
          <reporter-output>
          </reporter-output>
        </test-method> <!-- doLoginWithInvalidPassword -->
        <test-method signature="doLoginWithValid()[pri:3, instance:jenkins.LoginTest@7bba5817]" started-at="2024-12-16T15:51:25 IST" name="doLoginWithValid" description="Login with valid email and valid password" finished-at="2024-12-16T15:51:30 IST" duration-ms="5477" status="PASS">
          <reporter-output>
          </reporter-output>
        </test-method> <!-- doLoginWithValid -->
        <test-method is-config="true" signature="exitURL()[pri:0, instance:jenkins.LoginTest@7bba5817]" started-at="2024-12-16T15:51:30 IST" name="exitURL" finished-at="2024-12-16T15:51:32 IST" duration-ms="1042" status="PASS">
          <reporter-output>
          </reporter-output>
        </test-method> <!-- exitURL -->
      </class> <!-- jenkins.LoginTest -->
    </test> <!-- Test -->
  </suite> <!-- Suite -->
</testng-results>
